<?xml version="1.0" encoding="UTF-8"?>
<!-- Generated by org.testng.reporters.JUnitXMLReporter -->
<testsuite hostname="LP-5C260A806D78" name="ChromeTest" tests="4" failures="0" timestamp="5 Aug 2015 10:31:26 GMT" time="28.372" errors="0">
  <testcase name="@BeforeMethod verifyHomePageTitle" time="0.0" classname="com.digi.selenium.util.FirstSampleTestNG">
    <failure type="java.lang.AssertionError" message="expected [Welcome: Mercury Tours] but found [HCL Technology - Google Search]">
      <![CDATA[java.lang.AssertionError: expected [Welcome: Mercury Tours] but found [HCL Technology - Google Search]
	at com.digi.selenium.util.FirstSampleTestNG.verifyHomePageTitle(FirstSampleTestNG.java:26)
... Removed 31 stack frames]]>
    </failure>
  </testcase> <!-- @BeforeMethod verifyHomePageTitle -->
  <testcase name="@AfterMethod goToHomePage" time="0.0" classname="com.digi.selenium.util.FirstSampleTestNG">
    <skipped/>
  </testcase> <!-- @AfterMethod goToHomePage -->
  <testcase name="@BeforeMethod verifyHomePageTitle" time="0.0" classname="com.digi.selenium.util.FirstSampleTestNG">
    <skipped/>
  </testcase> <!-- @BeforeMethod verifyHomePageTitle -->
  <testcase name="@AfterMethod goToHomePage" time="0.0" classname="com.digi.selenium.util.FirstSampleTestNG">
    <skipped/>
  </testcase> <!-- @AfterMethod goToHomePage -->
  <testcase name="@AfterTest terminateBrowser" time="0.0" classname="com.digi.selenium.util.FirstSampleTestNG">
    <skipped/>
  </testcase> <!-- @AfterTest terminateBrowser -->
  <testcase name="searchTestNGInGoogle" time="14.973" classname="com.digi.selenium.util.TestNG"/>
  <testcase name="searchHCLInGoogle" time="13.359" classname="com.digi.selenium.util.TestNG"/>
  <testcase name="register" time="0.0" classname="com.digi.selenium.util.FirstSampleTestNG">
    <skipped/>
  </testcase> <!-- register -->
  <testcase name="support" time="0.0" classname="com.digi.selenium.util.FirstSampleTestNG">
    <skipped/>
  </testcase> <!-- support -->
</testsuite> <!-- ChromeTest -->
